Nov-30 15:31:42.027 [main] DEBUG nextflow.cli.Launcher - $> nextflow run main.nf -resume
Nov-30 15:31:42.091 [main] INFO  nextflow.cli.CmdRun - N E X T F L O W  ~  version 23.10.0
Nov-30 15:31:42.109 [main] DEBUG nextflow.plugin.PluginsFacade - Setting up plugin manager > mode=prod; embedded=false; plugins-dir=/home/ahmed/.nextflow/plugins; core-plugins: nf-amazon@2.1.4,nf-azure@1.3.2,nf-cloudcache@0.3.0,nf-codecommit@0.1.5,nf-console@1.0.6,nf-ga4gh@1.1.0,nf-google@1.8.3,nf-tower@1.6.3,nf-wave@1.0.0
Nov-30 15:31:42.118 [main] INFO  o.pf4j.DefaultPluginStatusProvider - Enabled plugins: []
Nov-30 15:31:42.118 [main] INFO  o.pf4j.DefaultPluginStatusProvider - Disabled plugins: []
Nov-30 15:31:42.121 [main] INFO  org.pf4j.DefaultPluginManager - PF4J version 3.4.1 in 'deployment' mode
Nov-30 15:31:42.131 [main] INFO  org.pf4j.AbstractPluginManager - No plugins
Nov-30 15:31:42.146 [main] DEBUG nextflow.config.ConfigBuilder - Found config local: /home/ahmed/Documents/bioinf_exercise/Nextflow_EXERCISE/nextflow.config
Nov-30 15:31:42.147 [main] DEBUG nextflow.config.ConfigBuilder - Parsing config file: /home/ahmed/Documents/bioinf_exercise/Nextflow_EXERCISE/nextflow.config
Nov-30 15:31:42.166 [main] DEBUG nextflow.config.ConfigBuilder - Applying config profile: `standard`
Nov-30 15:31:42.867 [main] DEBUG nextflow.cli.CmdRun - Applied DSL=2 from script declararion
Nov-30 15:31:42.887 [main] INFO  nextflow.cli.CmdRun - Launching `main.nf` [compassionate_nightingale] DSL2 - revision: a0f26a9e65
Nov-30 15:31:42.887 [main] DEBUG nextflow.plugin.PluginsFacade - Plugins default=[]
Nov-30 15:31:42.888 [main] DEBUG nextflow.plugin.PluginsFacade - Plugins resolved requirement=[]
Nov-30 15:31:42.898 [main] DEBUG n.secret.LocalSecretsProvider - Secrets store: /home/ahmed/.nextflow/secrets/store.json
Nov-30 15:31:42.901 [main] DEBUG nextflow.secret.SecretsLoader - Discovered secrets providers: [nextflow.secret.LocalSecretsProvider@1afd72ef] - activable => nextflow.secret.LocalSecretsProvider@1afd72ef
Nov-30 15:31:42.966 [main] DEBUG nextflow.Session - Session UUID: 99ab45fa-31fa-4720-9c29-f6ea181b7c72
Nov-30 15:31:42.966 [main] DEBUG nextflow.Session - Run name: compassionate_nightingale
Nov-30 15:31:42.967 [main] DEBUG nextflow.Session - Executor pool size: 16
Nov-30 15:31:42.973 [main] DEBUG nextflow.file.FilePorter - File porter settings maxRetries=3; maxTransfers=50; pollTimeout=null
Nov-30 15:31:42.978 [main] DEBUG nextflow.util.ThreadPoolBuilder - Creating thread pool 'FileTransfer' minSize=10; maxSize=48; workQueue=LinkedBlockingQueue[10000]; allowCoreThreadTimeout=false
Nov-30 15:31:43.005 [main] DEBUG nextflow.cli.CmdRun - 
  Version: 23.10.0 build 5889
  Created: 15-10-2023 15:07 UTC (17:07 EEST)
  System: Linux 5.10.0-19-amd64
  Runtime: Groovy 3.0.19 on OpenJDK 64-Bit Server VM 11.0.16+8-post-Debian-1deb11u1
  Encoding: UTF-8 (UTF-8)
  Process: 88837@debian [10.11.12.82]
  CPUs: 16 - Mem: 15.4 GB (1.9 GB) - Swap: 27.9 GB (22.5 GB)
Nov-30 15:31:43.026 [main] DEBUG nextflow.Session - Work-dir: /home/ahmed/Documents/bioinf_exercise/Nextflow_EXERCISE/data/nextflow_working_directory [ext2/ext3]
Nov-30 15:31:43.039 [main] DEBUG nextflow.executor.ExecutorFactory - Extension executors providers=[]
Nov-30 15:31:43.047 [main] DEBUG nextflow.Session - Observer factory: DefaultObserverFactory
Nov-30 15:31:43.073 [main] DEBUG nextflow.cache.CacheFactory - Using Nextflow cache factory: nextflow.cache.DefaultCacheFactory
Nov-30 15:31:43.085 [main] DEBUG nextflow.util.CustomThreadPool - Creating default thread pool > poolSize: 17; maxThreads: 1000
Nov-30 15:31:43.153 [main] DEBUG nextflow.Session - Session start
Nov-30 15:31:43.425 [main] DEBUG nextflow.script.ScriptRunner - > Launching execution
Nov-30 15:31:44.025 [main] DEBUG nextflow.script.ProcessConfig - Config settings `withLabel:cpu_low` matches labels `cpu_low,mem_high,time_mid,minimap` for process with name minimap_align_bamout:minimap
Nov-30 15:31:44.028 [main] DEBUG nextflow.executor.ExecutorFactory - << taskConfig executor: null
Nov-30 15:31:44.029 [main] DEBUG nextflow.executor.ExecutorFactory - >> processorType: 'local'
Nov-30 15:31:44.033 [main] DEBUG nextflow.executor.Executor - [warm up] executor > local
Nov-30 15:31:44.037 [main] DEBUG n.processor.LocalPollingMonitor - Creating local task monitor for executor 'local' > cpus=16; memory=15.4 GB; capacity=16; pollInterval=100ms; dumpInterval=5m
Nov-30 15:31:44.039 [main] DEBUG n.processor.TaskPollingMonitor - >>> barrier register (monitor: local)
Nov-30 15:31:44.078 [main] DEBUG nextflow.script.ProcessConfig - Config settings `withLabel:cpu_mid` matches labels `cpu_mid,mem_high,time_mid,samtools` for process with name minimap_align_bamout:samtobam
Nov-30 15:31:44.079 [main] DEBUG nextflow.executor.ExecutorFactory - << taskConfig executor: null
Nov-30 15:31:44.079 [main] DEBUG nextflow.executor.ExecutorFactory - >> processorType: 'local'
Nov-30 15:31:44.088 [main] DEBUG nextflow.script.ProcessConfig - Config settings `withLabel:cpu_low` matches labels `deepvariant,time_high,cpu_low` for process with name deepvariant
Nov-30 15:31:44.088 [main] DEBUG nextflow.script.ProcessConfig - Config settings `withLabel:deepvariant` matches labels `deepvariant,time_high,cpu_low` for process with name deepvariant
Nov-30 15:31:44.089 [main] DEBUG nextflow.executor.ExecutorFactory - << taskConfig executor: null
Nov-30 15:31:44.089 [main] DEBUG nextflow.executor.ExecutorFactory - >> processorType: 'local'
Nov-30 15:31:44.095 [main] DEBUG nextflow.script.ProcessConfig - Config settings `withLabel:cpu_low` matches labels `clair3,time_high,cpu_low` for process with name clair3
Nov-30 15:31:44.095 [main] DEBUG nextflow.script.ProcessConfig - Config settings `withLabel:clair3` matches labels `clair3,time_high,cpu_low` for process with name clair3
Nov-30 15:31:44.096 [main] DEBUG nextflow.executor.ExecutorFactory - << taskConfig executor: null
Nov-30 15:31:44.096 [main] DEBUG nextflow.executor.ExecutorFactory - >> processorType: 'local'
Nov-30 15:31:44.099 [main] DEBUG nextflow.Session - Workflow process names [dsl2]: index_bam, minimap_align_bamout:minimap, minimap, deepvariant, minimap_alignment, clair3_snv_calling, minimap_align_bamout:samtobam, sam_to_sorted_bam, deepvariant_snv_calling, clair3, samtobam, get_haplotype_readids
Nov-30 15:31:44.099 [main] DEBUG nextflow.Session - Igniting dataflow network (7)
Nov-30 15:31:44.104 [main] DEBUG nextflow.processor.TaskProcessor - Starting process > minimap_align_bamout:minimap
Nov-30 15:31:44.106 [main] DEBUG nextflow.processor.TaskProcessor - Starting process > minimap_align_bamout:samtobam
Nov-30 15:31:44.107 [main] DEBUG nextflow.processor.TaskProcessor - Starting process > deepvariant
Nov-30 15:31:44.107 [main] DEBUG nextflow.processor.TaskProcessor - Starting process > clair3
Nov-30 15:31:44.108 [main] DEBUG nextflow.script.ScriptRunner - Parsed script files:
  Script_23a640547f9f0d3f: /home/ahmed/Documents/bioinf_exercise/Nextflow_EXERCISE/modules/deepvariant.nf
  Script_fc7a6ab36f4f1f36: /home/ahmed/Documents/bioinf_exercise/Nextflow_EXERCISE/modules/samtools.nf
  Script_3cc85eaf93cc1152: /home/ahmed/Documents/bioinf_exercise/Nextflow_EXERCISE/modules/clair3.nf
  Script_abb134e87110e28a: /home/ahmed/Documents/bioinf_exercise/Nextflow_EXERCISE/main.nf
  Script_8e792709f006457c: /home/ahmed/Documents/bioinf_exercise/Nextflow_EXERCISE/modules/minimap2.nf
Nov-30 15:31:44.108 [main] DEBUG nextflow.script.ScriptRunner - > Awaiting termination 
Nov-30 15:31:44.108 [main] DEBUG nextflow.Session - Session await
Nov-30 15:31:44.108 [PathVisitor-3] DEBUG nextflow.file.PathVisitor - files for syntax: glob; folder: ./data/fastqs/; pattern: *.fastq.gz; options: [followLinks:true, checkIfExists:true]
Nov-30 15:31:44.303 [Actor Thread 13] INFO  nextflow.processor.TaskProcessor - [da/564f50] Cached process > minimap_align_bamout:minimap (1)
Nov-30 15:31:44.371 [Actor Thread 14] INFO  nextflow.processor.TaskProcessor - [8a/72b168] Cached process > minimap_align_bamout:samtobam (1)
Nov-30 15:31:44.395 [Actor Thread 14] DEBUG nextflow.util.ThreadPoolBuilder - Creating thread pool 'PublishDir' minSize=10; maxSize=48; workQueue=LinkedBlockingQueue[10000]; allowCoreThreadTimeout=false
Nov-30 15:31:44.419 [Actor Thread 12] INFO  nextflow.processor.TaskProcessor - [48/9e3cf8] Cached process > clair3 (1)
Nov-30 15:31:44.428 [Actor Thread 16] INFO  nextflow.processor.TaskProcessor - [a9/10c044] Cached process > deepvariant (1)
Nov-30 15:31:44.433 [main] DEBUG nextflow.Session - Session await > all processes finished
Nov-30 15:31:44.443 [Task monitor] DEBUG n.processor.TaskPollingMonitor - <<< barrier arrives (monitor: local) - terminating tasks monitor poll loop
Nov-30 15:31:44.444 [main] DEBUG nextflow.Session - Session await > all barriers passed
Nov-30 15:31:44.447 [main] DEBUG nextflow.util.ThreadPoolManager - Thread pool 'PublishDir' shutdown completed (hard=false)
Nov-30 15:31:44.451 [main] DEBUG n.trace.WorkflowStatsObserver - Workflow completed > WorkflowStats[succeededCount=0; failedCount=0; ignoredCount=0; cachedCount=4; pendingCount=0; submittedCount=0; runningCount=0; retriesCount=0; abortedCount=0; succeedDuration=0ms; failedDuration=0ms; cachedDuration=5h 22m 36s;loadCpus=0; loadMemory=0; peakRunning=0; peakCpus=0; peakMemory=0; ]
Nov-30 15:31:44.584 [main] DEBUG nextflow.cache.CacheDB - Closing CacheDB done
Nov-30 15:31:44.589 [main] DEBUG nextflow.util.ThreadPoolManager - Thread pool 'FileTransfer' shutdown completed (hard=false)
Nov-30 15:31:44.589 [main] DEBUG nextflow.script.ScriptRunner - > Execution complete -- Goodbye
